mode: set
github.com/dfairburn/airnow-go-tech-test/internal/tree.go:18.33,22.2 1 1
github.com/dfairburn/airnow-go-tech-test/internal/tree.go:24.32,29.2 1 1
github.com/dfairburn/airnow-go-tech-test/internal/tree.go:31.63,33.16 2 1
github.com/dfairburn/airnow-go-tech-test/internal/tree.go:38.2,38.28 1 1
github.com/dfairburn/airnow-go-tech-test/internal/tree.go:42.2,43.33 2 1
github.com/dfairburn/airnow-go-tech-test/internal/tree.go:47.2,47.35 1 1
github.com/dfairburn/airnow-go-tech-test/internal/tree.go:33.16,36.3 2 1
github.com/dfairburn/airnow-go-tech-test/internal/tree.go:38.28,40.3 1 1
github.com/dfairburn/airnow-go-tech-test/internal/tree.go:43.33,45.3 1 1
github.com/dfairburn/airnow-go-tech-test/internal/tree.go:47.35,49.3 1 1
github.com/dfairburn/airnow-go-tech-test/internal/tree.go:52.57,54.35 2 1
github.com/dfairburn/airnow-go-tech-test/internal/tree.go:58.2,60.35 2 1
github.com/dfairburn/airnow-go-tech-test/internal/tree.go:64.2,64.10 1 1
github.com/dfairburn/airnow-go-tech-test/internal/tree.go:54.35,56.3 1 1
github.com/dfairburn/airnow-go-tech-test/internal/tree.go:60.35,62.3 1 1
github.com/dfairburn/airnow-go-tech-test/internal/tree.go:67.38,68.35 1 1
github.com/dfairburn/airnow-go-tech-test/internal/tree.go:68.35,69.26 1 1
github.com/dfairburn/airnow-go-tech-test/internal/tree.go:75.3,75.23 1 1
github.com/dfairburn/airnow-go-tech-test/internal/tree.go:69.26,73.4 3 1
github.com/dfairburn/airnow-go-tech-test/internal/tree.go:79.48,80.27 1 1
github.com/dfairburn/airnow-go-tech-test/internal/tree.go:84.2,84.40 1 1
github.com/dfairburn/airnow-go-tech-test/internal/tree.go:80.27,82.3 1 1
github.com/dfairburn/airnow-go-tech-test/internal/tree.go:87.38,90.20 2 1
github.com/dfairburn/airnow-go-tech-test/internal/tree.go:94.2,95.16 2 1
github.com/dfairburn/airnow-go-tech-test/internal/tree.go:99.2,100.16 2 1
github.com/dfairburn/airnow-go-tech-test/internal/tree.go:104.2,104.42 1 1
github.com/dfairburn/airnow-go-tech-test/internal/tree.go:108.2,108.50 1 1
github.com/dfairburn/airnow-go-tech-test/internal/tree.go:112.2,112.35 1 1
github.com/dfairburn/airnow-go-tech-test/internal/tree.go:116.2,116.13 1 1
github.com/dfairburn/airnow-go-tech-test/internal/tree.go:90.20,92.3 1 1
github.com/dfairburn/airnow-go-tech-test/internal/tree.go:95.16,97.3 1 0
github.com/dfairburn/airnow-go-tech-test/internal/tree.go:100.16,102.3 1 0
github.com/dfairburn/airnow-go-tech-test/internal/tree.go:104.42,106.3 1 1
github.com/dfairburn/airnow-go-tech-test/internal/tree.go:108.50,110.3 1 1
github.com/dfairburn/airnow-go-tech-test/internal/tree.go:112.35,114.3 1 1
github.com/dfairburn/airnow-go-tech-test/internal/tree.go:119.41,121.29 2 0
github.com/dfairburn/airnow-go-tech-test/internal/tree.go:124.2,124.50 1 0
github.com/dfairburn/airnow-go-tech-test/internal/tree.go:121.29,123.3 1 0
github.com/dfairburn/airnow-go-tech-test/internal/utils.go:10.52,12.16 2 1
github.com/dfairburn/airnow-go-tech-test/internal/utils.go:16.2,17.27 2 1
github.com/dfairburn/airnow-go-tech-test/internal/utils.go:21.2,22.17 2 1
github.com/dfairburn/airnow-go-tech-test/internal/utils.go:12.16,14.3 1 1
github.com/dfairburn/airnow-go-tech-test/internal/utils.go:17.27,19.3 1 0
github.com/dfairburn/airnow-go-tech-test/internal/utils.go:25.46,27.16 2 1
github.com/dfairburn/airnow-go-tech-test/internal/utils.go:30.2,30.55 1 1
github.com/dfairburn/airnow-go-tech-test/internal/utils.go:43.2,43.17 1 1
github.com/dfairburn/airnow-go-tech-test/internal/utils.go:27.16,29.3 1 1
github.com/dfairburn/airnow-go-tech-test/internal/utils.go:30.55,32.9 2 1
github.com/dfairburn/airnow-go-tech-test/internal/utils.go:32.9,34.18 2 1
github.com/dfairburn/airnow-go-tech-test/internal/utils.go:38.4,39.34 2 1
github.com/dfairburn/airnow-go-tech-test/internal/utils.go:34.18,36.5 1 1
github.com/dfairburn/airnow-go-tech-test/internal/utils.go:46.43,50.50 3 1
github.com/dfairburn/airnow-go-tech-test/internal/utils.go:54.2,54.43 1 1
github.com/dfairburn/airnow-go-tech-test/internal/utils.go:50.50,52.3 1 1
github.com/dfairburn/airnow-go-tech-test/internal/tree.go:18.33,22.2 1 1
github.com/dfairburn/airnow-go-tech-test/internal/tree.go:24.32,29.2 1 1
github.com/dfairburn/airnow-go-tech-test/internal/tree.go:31.63,33.16 2 0
github.com/dfairburn/airnow-go-tech-test/internal/tree.go:38.2,38.28 1 0
github.com/dfairburn/airnow-go-tech-test/internal/tree.go:42.2,43.33 2 0
github.com/dfairburn/airnow-go-tech-test/internal/tree.go:47.2,47.35 1 0
github.com/dfairburn/airnow-go-tech-test/internal/tree.go:33.16,36.3 2 0
github.com/dfairburn/airnow-go-tech-test/internal/tree.go:38.28,40.3 1 0
github.com/dfairburn/airnow-go-tech-test/internal/tree.go:43.33,45.3 1 0
github.com/dfairburn/airnow-go-tech-test/internal/tree.go:47.35,49.3 1 0
github.com/dfairburn/airnow-go-tech-test/internal/tree.go:52.57,54.35 2 1
github.com/dfairburn/airnow-go-tech-test/internal/tree.go:58.2,60.35 2 1
github.com/dfairburn/airnow-go-tech-test/internal/tree.go:64.2,64.10 1 1
github.com/dfairburn/airnow-go-tech-test/internal/tree.go:54.35,56.3 1 1
github.com/dfairburn/airnow-go-tech-test/internal/tree.go:60.35,62.3 1 1
github.com/dfairburn/airnow-go-tech-test/internal/tree.go:67.38,68.35 1 1
github.com/dfairburn/airnow-go-tech-test/internal/tree.go:68.35,69.26 1 1
github.com/dfairburn/airnow-go-tech-test/internal/tree.go:75.3,75.23 1 1
github.com/dfairburn/airnow-go-tech-test/internal/tree.go:69.26,73.4 3 1
github.com/dfairburn/airnow-go-tech-test/internal/tree.go:79.48,80.27 1 1
github.com/dfairburn/airnow-go-tech-test/internal/tree.go:84.2,84.40 1 1
github.com/dfairburn/airnow-go-tech-test/internal/tree.go:80.27,82.3 1 1
github.com/dfairburn/airnow-go-tech-test/internal/tree.go:87.38,90.20 2 1
github.com/dfairburn/airnow-go-tech-test/internal/tree.go:94.2,95.16 2 1
github.com/dfairburn/airnow-go-tech-test/internal/tree.go:99.2,100.16 2 1
github.com/dfairburn/airnow-go-tech-test/internal/tree.go:104.2,104.42 1 1
github.com/dfairburn/airnow-go-tech-test/internal/tree.go:108.2,108.50 1 1
github.com/dfairburn/airnow-go-tech-test/internal/tree.go:112.2,112.35 1 1
github.com/dfairburn/airnow-go-tech-test/internal/tree.go:116.2,116.13 1 1
github.com/dfairburn/airnow-go-tech-test/internal/tree.go:90.20,92.3 1 1
github.com/dfairburn/airnow-go-tech-test/internal/tree.go:95.16,97.3 1 1
github.com/dfairburn/airnow-go-tech-test/internal/tree.go:100.16,102.3 1 1
github.com/dfairburn/airnow-go-tech-test/internal/tree.go:104.42,106.3 1 1
github.com/dfairburn/airnow-go-tech-test/internal/tree.go:108.50,110.3 1 1
github.com/dfairburn/airnow-go-tech-test/internal/tree.go:112.35,114.3 1 1
github.com/dfairburn/airnow-go-tech-test/internal/tree.go:119.41,121.29 2 1
github.com/dfairburn/airnow-go-tech-test/internal/tree.go:124.2,124.50 1 1
github.com/dfairburn/airnow-go-tech-test/internal/tree.go:121.29,123.3 1 1
github.com/dfairburn/airnow-go-tech-test/internal/utils.go:10.52,12.16 2 1
github.com/dfairburn/airnow-go-tech-test/internal/utils.go:16.2,17.27 2 1
github.com/dfairburn/airnow-go-tech-test/internal/utils.go:21.2,22.17 2 1
github.com/dfairburn/airnow-go-tech-test/internal/utils.go:12.16,14.3 1 1
github.com/dfairburn/airnow-go-tech-test/internal/utils.go:17.27,19.3 1 1
github.com/dfairburn/airnow-go-tech-test/internal/utils.go:25.46,27.16 2 1
github.com/dfairburn/airnow-go-tech-test/internal/utils.go:30.2,30.55 1 1
github.com/dfairburn/airnow-go-tech-test/internal/utils.go:43.2,43.17 1 1
github.com/dfairburn/airnow-go-tech-test/internal/utils.go:27.16,29.3 1 0
github.com/dfairburn/airnow-go-tech-test/internal/utils.go:30.55,32.9 2 1
github.com/dfairburn/airnow-go-tech-test/internal/utils.go:32.9,34.18 2 1
github.com/dfairburn/airnow-go-tech-test/internal/utils.go:38.4,39.34 2 1
github.com/dfairburn/airnow-go-tech-test/internal/utils.go:34.18,36.5 1 1
github.com/dfairburn/airnow-go-tech-test/internal/utils.go:46.43,50.50 3 1
github.com/dfairburn/airnow-go-tech-test/internal/utils.go:54.2,54.43 1 1
github.com/dfairburn/airnow-go-tech-test/internal/utils.go:50.50,52.3 1 1
